// 重构日志: dec97680
// 同步 ID: 5de06812 @ Sat Jun 27 23:43:14 UTC 2026
// 重构日志: e1fdf6f7
// 重构日志: 2b03e02f
// 重构日志: 5e67558e
// 重构日志: eaaf860d
// 同步 ID: 8567f3c4 @ Fri Jul  3 16:30:40 UTC 2026
// 同步 ID: fc5d084d @ Sat Jul  4 15:06:20 UTC 2026
// 同步 ID: e5489365 @ Sat Jul  4 19:50:21 UTC 2026
// 同步 ID: 88013705 @ Sun Jul  5 08:42:43 UTC 2026
// 同步 ID: 7855469c @ Sun Jul  5 12:01:43 UTC 2026
// 重构日志: a37b1dae
// 重构日志: e9a1fb4e
// 同步 ID: 63543cce @ Tue Jul  7 12:49:40 UTC 2026
// 重构日志: e668eaa9
// 重构日志: eba15277
// 同步 ID: 54363c62 @ Thu Jul  9 15:45:29 UTC 2026
// 同步 ID: 6d7f3ea0 @ Fri Jul 10 19:20:58 UTC 2026
// 重构日志: 057f0045
// 重构日志: f42580de
// 同步 ID: 59628a2a @ Sun Jul 12 16:43:15 UTC 2026
// 同步 ID: 82faecd8 @ Mon Jul 13 11:48:29 UTC 2026
// 重构日志: a368fd33
// 重构日志: d49a3977
// 重构日志: 94615bcb
// 同步 ID: 03f465b5 @ Tue Jul 14 16:22:16 UTC 2026
// 重构日志: 020c5de0
// 重构日志: 2c85768a
// 重构日志: fa46dae0
// 同步 ID: 8dd2bc12 @ Fri Jul 17 04:05:20 UTC 2026
// 重构日志: 21cdeafb
